/*C1*/SET SCHEMA PUBLIC
CONNECT USER SA
/*C2*/SET SCHEMA PUBLIC
CONNECT USER SA
INSERT INTO MANFIELDS VALUES('MAN',FALSE,FALSE,FALSE,FALSE,FALSE,FALSE,FALSE,FALSE,FALSE)
DELETE FROM MANFIELDS WHERE TYPE_KEY='MAN' AND ID=FALSE AND TYPE=FALSE AND MANUFACTURER=FALSE AND MODEL=FALSE AND KMSDRIVEN=FALSE AND KMSLASTSERVICED=FALSE AND DATELASTSERVICED=FALSE AND INSINFO=FALSE AND YEAR=FALSE
DELETE FROM MANFIELDS WHERE TYPE_KEY='MAN' AND ID=TRUE AND TYPE=TRUE AND MANUFACTURER=TRUE AND MODEL=TRUE AND KMSDRIVEN=TRUE AND KMSLASTSERVICED=TRUE AND DATELASTSERVICED=TRUE AND INSINFO=TRUE AND YEAR=TRUE
DELETE FROM MANFIELDS WHERE TYPE_KEY='MAN' AND ID=TRUE AND TYPE=TRUE AND MANUFACTURER=TRUE AND MODEL=TRUE AND KMSDRIVEN=TRUE AND KMSLASTSERVICED=TRUE AND DATELASTSERVICED=TRUE AND INSINFO=TRUE AND YEAR=TRUE
DELETE FROM MANFIELDS WHERE TYPE_KEY='MAN' AND ID=TRUE AND TYPE=TRUE AND MANUFACTURER=TRUE AND MODEL=TRUE AND KMSDRIVEN=TRUE AND KMSLASTSERVICED=TRUE AND DATELASTSERVICED=TRUE AND INSINFO=TRUE AND YEAR=TRUE
DELETE FROM MANFIELDS WHERE TYPE_KEY='MAN' AND ID=TRUE AND TYPE=TRUE AND MANUFACTURER=TRUE AND MODEL=TRUE AND KMSDRIVEN=TRUE AND KMSLASTSERVICED=TRUE AND DATELASTSERVICED=TRUE AND INSINFO=TRUE AND YEAR=TRUE
DELETE FROM MANFIELDS WHERE TYPE_KEY='MAN' AND ID=TRUE AND TYPE=TRUE AND MANUFACTURER=TRUE AND MODEL=TRUE AND KMSDRIVEN=TRUE AND KMSLASTSERVICED=TRUE AND DATELASTSERVICED=TRUE AND INSINFO=TRUE AND YEAR=TRUE
DELETE FROM MANFIELDS WHERE TYPE_KEY='MAN' AND ID=TRUE AND TYPE=TRUE AND MANUFACTURER=TRUE AND MODEL=TRUE AND KMSDRIVEN=TRUE AND KMSLASTSERVICED=TRUE AND DATELASTSERVICED=TRUE AND INSINFO=TRUE AND YEAR=TRUE
DELETE FROM MANFIELDS WHERE TYPE_KEY='MAN' AND ID=TRUE AND TYPE=TRUE AND MANUFACTURER=TRUE AND MODEL=TRUE AND KMSDRIVEN=TRUE AND KMSLASTSERVICED=TRUE AND DATELASTSERVICED=TRUE AND INSINFO=TRUE AND YEAR=TRUE
DELETE FROM MANFIELDS WHERE TYPE_KEY='MAN' AND ID=TRUE AND TYPE=TRUE AND MANUFACTURER=TRUE AND MODEL=TRUE AND KMSDRIVEN=TRUE AND KMSLASTSERVICED=TRUE AND DATELASTSERVICED=TRUE AND INSINFO=TRUE AND YEAR=TRUE
DELETE FROM MANFIELDS WHERE TYPE_KEY='MAN' AND ID=TRUE AND TYPE=TRUE AND MANUFACTURER=TRUE AND MODEL=TRUE AND KMSDRIVEN=TRUE AND KMSLASTSERVICED=TRUE AND DATELASTSERVICED=TRUE AND INSINFO=TRUE AND YEAR=TRUE
DELETE FROM MANFIELDS WHERE TYPE_KEY='MAN' AND ID=TRUE AND TYPE=TRUE AND MANUFACTURER=TRUE AND MODEL=TRUE AND KMSDRIVEN=TRUE AND KMSLASTSERVICED=TRUE AND DATELASTSERVICED=TRUE AND INSINFO=TRUE AND YEAR=TRUE
DELETE FROM MANFIELDS WHERE TYPE_KEY='MAN' AND ID=TRUE AND TYPE=TRUE AND MANUFACTURER=TRUE AND MODEL=TRUE AND KMSDRIVEN=TRUE AND KMSLASTSERVICED=TRUE AND DATELASTSERVICED=TRUE AND INSINFO=TRUE AND YEAR=TRUE
DELETE FROM MANFIELDS WHERE TYPE_KEY='MAN' AND ID=TRUE AND TYPE=TRUE AND MANUFACTURER=TRUE AND MODEL=TRUE AND KMSDRIVEN=TRUE AND KMSLASTSERVICED=TRUE AND DATELASTSERVICED=TRUE AND INSINFO=TRUE AND YEAR=TRUE
DELETE FROM MANFIELDS WHERE TYPE_KEY='MAN' AND ID=TRUE AND TYPE=TRUE AND MANUFACTURER=TRUE AND MODEL=TRUE AND KMSDRIVEN=TRUE AND KMSLASTSERVICED=TRUE AND DATELASTSERVICED=TRUE AND INSINFO=TRUE AND YEAR=TRUE
DELETE FROM MANFIELDS WHERE TYPE_KEY='MAN' AND ID=TRUE AND TYPE=TRUE AND MANUFACTURER=TRUE AND MODEL=TRUE AND KMSDRIVEN=TRUE AND KMSLASTSERVICED=TRUE AND DATELASTSERVICED=TRUE AND INSINFO=TRUE AND YEAR=TRUE
DELETE FROM MANFIELDS WHERE TYPE_KEY='MAN' AND ID=TRUE AND TYPE=TRUE AND MANUFACTURER=TRUE AND MODEL=TRUE AND KMSDRIVEN=TRUE AND KMSLASTSERVICED=TRUE AND DATELASTSERVICED=TRUE AND INSINFO=TRUE AND YEAR=TRUE
DELETE FROM MANFIELDS WHERE TYPE_KEY='MAN' AND ID=TRUE AND TYPE=TRUE AND MANUFACTURER=TRUE AND MODEL=TRUE AND KMSDRIVEN=TRUE AND KMSLASTSERVICED=TRUE AND DATELASTSERVICED=TRUE AND INSINFO=TRUE AND YEAR=TRUE
DELETE FROM MANFIELDS WHERE TYPE_KEY='MAN' AND ID=TRUE AND TYPE=TRUE AND MANUFACTURER=TRUE AND MODEL=TRUE AND KMSDRIVEN=TRUE AND KMSLASTSERVICED=TRUE AND DATELASTSERVICED=TRUE AND INSINFO=TRUE AND YEAR=TRUE
DELETE FROM MANFIELDS WHERE TYPE_KEY='MAN' AND ID=TRUE AND TYPE=TRUE AND MANUFACTURER=TRUE AND MODEL=TRUE AND KMSDRIVEN=TRUE AND KMSLASTSERVICED=TRUE AND DATELASTSERVICED=TRUE AND INSINFO=TRUE AND YEAR=TRUE
DELETE FROM MANFIELDS WHERE TYPE_KEY='MAN' AND ID=TRUE AND TYPE=TRUE AND MANUFACTURER=TRUE AND MODEL=TRUE AND KMSDRIVEN=TRUE AND KMSLASTSERVICED=TRUE AND DATELASTSERVICED=TRUE AND INSINFO=TRUE AND YEAR=TRUE
DELETE FROM MANFIELDS WHERE TYPE_KEY='MAN' AND ID=TRUE AND TYPE=TRUE AND MANUFACTURER=TRUE AND MODEL=TRUE AND KMSDRIVEN=TRUE AND KMSLASTSERVICED=TRUE AND DATELASTSERVICED=TRUE AND INSINFO=TRUE AND YEAR=TRUE
DELETE FROM MANFIELDS WHERE TYPE_KEY='MAN' AND ID=TRUE AND TYPE=TRUE AND MANUFACTURER=TRUE AND MODEL=TRUE AND KMSDRIVEN=TRUE AND KMSLASTSERVICED=TRUE AND DATELASTSERVICED=TRUE AND INSINFO=TRUE AND YEAR=TRUE
DELETE FROM MANFIELDS WHERE TYPE_KEY='MAN' AND ID=TRUE AND TYPE=TRUE AND MANUFACTURER=TRUE AND MODEL=TRUE AND KMSDRIVEN=TRUE AND KMSLASTSERVICED=TRUE AND DATELASTSERVICED=TRUE AND INSINFO=TRUE AND YEAR=TRUE
DELETE FROM MANFIELDS WHERE TYPE_KEY='MAN' AND ID=TRUE AND TYPE=TRUE AND MANUFACTURER=TRUE AND MODEL=TRUE AND KMSDRIVEN=TRUE AND KMSLASTSERVICED=TRUE AND DATELASTSERVICED=TRUE AND INSINFO=TRUE AND YEAR=TRUE
DELETE FROM MANFIELDS WHERE TYPE_KEY='MAN' AND ID=TRUE AND TYPE=TRUE AND MANUFACTURER=TRUE AND MODEL=TRUE AND KMSDRIVEN=TRUE AND KMSLASTSERVICED=TRUE AND DATELASTSERVICED=TRUE AND INSINFO=TRUE AND YEAR=TRUE
DELETE FROM MANFIELDS WHERE TYPE_KEY='MAN' AND ID=TRUE AND TYPE=TRUE AND MANUFACTURER=TRUE AND MODEL=TRUE AND KMSDRIVEN=TRUE AND KMSLASTSERVICED=TRUE AND DATELASTSERVICED=TRUE AND INSINFO=TRUE AND YEAR=TRUE
DELETE FROM MANFIELDS WHERE TYPE_KEY='MAN' AND ID=TRUE AND TYPE=TRUE AND MANUFACTURER=TRUE AND MODEL=TRUE AND KMSDRIVEN=TRUE AND KMSLASTSERVICED=TRUE AND DATELASTSERVICED=TRUE AND INSINFO=TRUE AND YEAR=TRUE
DELETE FROM MANFIELDS WHERE TYPE_KEY='MAN' AND ID=TRUE AND TYPE=TRUE AND MANUFACTURER=TRUE AND MODEL=TRUE AND KMSDRIVEN=TRUE AND KMSLASTSERVICED=TRUE AND DATELASTSERVICED=TRUE AND INSINFO=TRUE AND YEAR=TRUE
DELETE FROM MANFIELDS WHERE TYPE_KEY='MAN' AND ID=TRUE AND TYPE=TRUE AND MANUFACTURER=TRUE AND MODEL=TRUE AND KMSDRIVEN=TRUE AND KMSLASTSERVICED=TRUE AND DATELASTSERVICED=TRUE AND INSINFO=TRUE AND YEAR=TRUE
DELETE FROM MANFIELDS WHERE TYPE_KEY='MAN' AND ID=TRUE AND TYPE=TRUE AND MANUFACTURER=TRUE AND MODEL=TRUE AND KMSDRIVEN=TRUE AND KMSLASTSERVICED=TRUE AND DATELASTSERVICED=TRUE AND INSINFO=TRUE AND YEAR=TRUE
INSERT INTO MANFIELDS VALUES('MAN',TRUE,TRUE,TRUE,TRUE,TRUE,TRUE,TRUE,TRUE,TRUE)
INSERT INTO MANFIELDS VALUES('MAN',TRUE,TRUE,TRUE,TRUE,TRUE,TRUE,TRUE,TRUE,TRUE)
INSERT INTO MANFIELDS VALUES('MAN',TRUE,TRUE,TRUE,TRUE,TRUE,TRUE,TRUE,TRUE,TRUE)
INSERT INTO MANFIELDS VALUES('MAN',TRUE,TRUE,TRUE,TRUE,TRUE,TRUE,TRUE,TRUE,TRUE)
INSERT INTO MANFIELDS VALUES('MAN',TRUE,TRUE,TRUE,TRUE,TRUE,TRUE,TRUE,TRUE,TRUE)
INSERT INTO MANFIELDS VALUES('MAN',TRUE,TRUE,TRUE,TRUE,TRUE,TRUE,TRUE,TRUE,TRUE)
INSERT INTO MANFIELDS VALUES('MAN',TRUE,TRUE,TRUE,TRUE,TRUE,TRUE,TRUE,TRUE,TRUE)
INSERT INTO MANFIELDS VALUES('MAN',TRUE,TRUE,TRUE,TRUE,TRUE,TRUE,TRUE,TRUE,TRUE)
INSERT INTO MANFIELDS VALUES('MAN',TRUE,TRUE,TRUE,TRUE,TRUE,TRUE,TRUE,TRUE,TRUE)
INSERT INTO MANFIELDS VALUES('MAN',TRUE,TRUE,TRUE,TRUE,TRUE,TRUE,TRUE,TRUE,TRUE)
INSERT INTO MANFIELDS VALUES('MAN',TRUE,TRUE,TRUE,TRUE,TRUE,TRUE,TRUE,TRUE,TRUE)
INSERT INTO MANFIELDS VALUES('MAN',TRUE,TRUE,TRUE,TRUE,TRUE,TRUE,TRUE,TRUE,TRUE)
INSERT INTO MANFIELDS VALUES('MAN',TRUE,TRUE,TRUE,TRUE,TRUE,TRUE,TRUE,TRUE,TRUE)
INSERT INTO MANFIELDS VALUES('MAN',TRUE,TRUE,TRUE,TRUE,TRUE,TRUE,TRUE,TRUE,TRUE)
INSERT INTO MANFIELDS VALUES('MAN',TRUE,TRUE,TRUE,TRUE,TRUE,TRUE,TRUE,TRUE,TRUE)
INSERT INTO MANFIELDS VALUES('MAN',TRUE,TRUE,TRUE,TRUE,TRUE,TRUE,TRUE,TRUE,TRUE)
INSERT INTO MANFIELDS VALUES('MAN',TRUE,TRUE,TRUE,TRUE,TRUE,TRUE,TRUE,TRUE,TRUE)
INSERT INTO MANFIELDS VALUES('MAN',TRUE,TRUE,TRUE,TRUE,TRUE,TRUE,TRUE,TRUE,TRUE)
INSERT INTO MANFIELDS VALUES('MAN',TRUE,TRUE,TRUE,TRUE,TRUE,TRUE,TRUE,TRUE,TRUE)
INSERT INTO MANFIELDS VALUES('MAN',TRUE,TRUE,TRUE,TRUE,TRUE,TRUE,TRUE,TRUE,TRUE)
INSERT INTO MANFIELDS VALUES('MAN',TRUE,TRUE,TRUE,TRUE,TRUE,TRUE,TRUE,TRUE,TRUE)
INSERT INTO MANFIELDS VALUES('MAN',TRUE,TRUE,TRUE,TRUE,TRUE,TRUE,TRUE,TRUE,TRUE)
INSERT INTO MANFIELDS VALUES('MAN',TRUE,TRUE,TRUE,TRUE,TRUE,TRUE,TRUE,TRUE,TRUE)
INSERT INTO MANFIELDS VALUES('MAN',TRUE,TRUE,TRUE,TRUE,TRUE,TRUE,TRUE,TRUE,TRUE)
INSERT INTO MANFIELDS VALUES('MAN',TRUE,TRUE,TRUE,TRUE,TRUE,TRUE,TRUE,TRUE,TRUE)
INSERT INTO MANFIELDS VALUES('MAN',TRUE,TRUE,TRUE,TRUE,TRUE,TRUE,TRUE,TRUE,TRUE)
INSERT INTO MANFIELDS VALUES('MAN',TRUE,TRUE,TRUE,TRUE,TRUE,TRUE,TRUE,TRUE,TRUE)
INSERT INTO MANFIELDS VALUES('MAN',TRUE,TRUE,TRUE,TRUE,TRUE,TRUE,TRUE,TRUE,TRUE)
INSERT INTO MANFIELDS VALUES('MAN',TRUE,TRUE,TRUE,TRUE,TRUE,TRUE,TRUE,TRUE,TRUE)
INSERT INTO MANFIELDS VALUES('MAN',TRUE,TRUE,TRUE,TRUE,TRUE,TRUE,TRUE,TRUE,TRUE)
